Using pre-set license
Built from '2021.3/staging' branch; Version is '2021.3.14f1 (eee1884e7226) revision 15655304'; Using compiler version '192829333'; Build Type 'Release'
OS: 'Windows 10  (10.0.19044) 64bit Core' Language: 'es' Physical Memory: 16303 MB
BatchMode: 1, IsHumanControllingUs: 0, StartBugReporterOnCrash: 0, Is64bit: 1, IsPro: 1

COMMAND LINE ARGUMENTS:
D:\documentos\UnityHub\UnityEditor\2021.3.14f1\Editor\Unity.exe
-adb2
-batchMode
-noUpm
-name
AssetImportWorker0
-projectPath
D:/documentos/GitHub/Animation_Fighter_Game/CITM_FIGHTERS_GAME
-logFile
Logs/AssetImportWorker0.log
-srvPort
61431
Successfully changed project path to: D:/documentos/GitHub/Animation_Fighter_Game/CITM_FIGHTERS_GAME
D:/documentos/GitHub/Animation_Fighter_Game/CITM_FIGHTERS_GAME
[UnityMemory] Configuration Parameters - Can be set up in boot.config
    "memorysetup-bucket-allocator-granularity=16"
    "memorysetup-bucket-allocator-bucket-count=8"
    "memorysetup-bucket-allocator-block-size=33554432"
    "memorysetup-bucket-allocator-block-count=8"
    "memorysetup-main-allocator-block-size=16777216"
    "memorysetup-thread-allocator-block-size=16777216"
    "memorysetup-gfx-main-allocator-block-size=16777216"
    "memorysetup-gfx-thread-allocator-block-size=16777216"
    "memorysetup-cache-allocator-block-size=4194304"
    "memorysetup-typetree-allocator-block-size=2097152"
    "memorysetup-profiler-bucket-allocator-granularity=16"
    "memorysetup-profiler-bucket-allocator-bucket-count=8"
    "memorysetup-profiler-bucket-allocator-block-size=33554432"
    "memorysetup-profiler-bucket-allocator-block-count=8"
    "memorysetup-profiler-allocator-block-size=16777216"
    "memorysetup-profiler-editor-allocator-block-size=1048576"
    "memorysetup-temp-allocator-size-main=16777216"
    "memorysetup-job-temp-allocator-block-size=2097152"
    "memorysetup-job-temp-allocator-block-size-background=1048576"
    "memorysetup-job-temp-allocator-reduction-small-platforms=262144"
    "memorysetup-temp-allocator-size-background-worker=32768"
    "memorysetup-temp-allocator-size-job-worker=262144"
    "memorysetup-temp-allocator-size-preload-manager=33554432"
    "memorysetup-temp-allocator-size-nav-mesh-worker=65536"
    "memorysetup-temp-allocator-size-audio-worker=65536"
    "memorysetup-temp-allocator-size-cloud-worker=32768"
    "memorysetup-temp-allocator-size-gi-baking-worker=262144"
    "memorysetup-temp-allocator-size-gfx=262144"
Refreshing native plugins compatible for Editor in 39.60 ms, found 2 plugins.
Preloading 0 native plugins for Editor in 0.00 ms.
Initialize engine version: 2021.3.14f1 (eee1884e7226)
[Subsystems] Discovering subsystems at path D:/documentos/UnityHub/UnityEditor/2021.3.14f1/Editor/Data/Resources/UnitySubsystems
[Subsystems] Discovering subsystems at path D:/documentos/GitHub/Animation_Fighter_Game/CITM_FIGHTERS_GAME/Assets
GfxDevice: creating device client; threaded=0; jobified=0
Direct3D:
    Version:  Direct3D 11.0 [level 11.1]
    Renderer: NVIDIA GeForce GTX 1070 (ID=0x1b81)
    Vendor:   NVIDIA
    VRAM:     8081 MB
    Driver:   31.0.15.2756
Initialize mono
Mono path[0] = 'D:/documentos/UnityHub/UnityEditor/2021.3.14f1/Editor/Data/Managed'
Mono path[1] = 'D:/documentos/UnityHub/UnityEditor/2021.3.14f1/Editor/Data/MonoBleedingEdge/lib/mono/unityjit-win32'
Mono config path = 'D:/documentos/UnityHub/UnityEditor/2021.3.14f1/Editor/Data/MonoBleedingEdge/etc'
Using monoOptions --debugger-agent=transport=dt_socket,embedding=1,server=y,suspend=n,address=127.0.0.1:56264
Begin MonoManager ReloadAssembly
Registering precompiled unity dll's ...
Register platform support module: D:/documentos/UnityHub/UnityEditor/2021.3.14f1/Editor/Data/PlaybackEngines/WebGLSupport/UnityEditor.WebGL.Extensions.dll
Register platform support module: D:/documentos/UnityHub/UnityEditor/2021.3.14f1/Editor/Data/PlaybackEngines/AndroidPlayer/UnityEditor.Android.Extensions.dll
Register platform support module: D:/documentos/UnityHub/UnityEditor/2021.3.14f1/Editor/Data/PlaybackEngines/WindowsStandaloneSupport/UnityEditor.WindowsStandalone.Extensions.dll
Registered in 0.032769 seconds.
Native extension for WindowsStandalone target not found
Native extension for Android target not found
Native extension for WebGL target not found
Refreshing native plugins compatible for Editor in 34.43 ms, found 2 plugins.
Preloading 0 native plugins for Editor in 0.00 ms.
Mono: successfully reloaded assembly
- Completed reload, in  0.799 seconds
Domain Reload Profiling:
	ReloadAssembly (799ms)
		BeginReloadAssembly (165ms)
			ExecutionOrderSort (0ms)
			DisableScriptedObjects (0ms)
			BackupInstance (0ms)
			ReleaseScriptingObjects (0ms)
			CreateAndSetChildDomain (1ms)
		EndReloadAssembly (465ms)
			LoadAssemblies (161ms)
			RebuildTransferFunctionScriptingTraits (0ms)
			SetupTypeCache (124ms)
			ReleaseScriptCaches (0ms)
			RebuildScriptCaches (27ms)
			SetupLoadedEditorAssemblies (254ms)
				LogAssemblyErrors (0ms)
				InitializePlatformSupportModulesInManaged (79ms)
				SetLoadedEditorAssemblies (0ms)
				RefreshPlugins (34ms)
				BeforeProcessingInitializeOnLoad (1ms)
				ProcessInitializeOnLoadAttributes (98ms)
				ProcessInitializeOnLoadMethodAttributes (41ms)
				AfterProcessingInitializeOnLoad (0ms)
				EditorAssembliesLoaded (0ms)
			ExecutionOrderSort2 (0ms)
			AwakeInstancesAfterBackupRestoration (0ms)
Platform modules already initialized, skipping
Registering precompiled user dll's ...
Registered in 0.036559 seconds.
Begin MonoManager ReloadAssembly
Native extension for WindowsStandalone target not found
Native extension for Android target not found
Native extension for WebGL target not found
Refreshing native plugins compatible for Editor in 34.41 ms, found 2 plugins.
Preloading 0 native plugins for Editor in 0.00 ms.
Mono: successfully reloaded assembly
- Completed reload, in  1.351 seconds
Domain Reload Profiling:
	ReloadAssembly (1352ms)
		BeginReloadAssembly (350ms)
			ExecutionOrderSort (0ms)
			DisableScriptedObjects (6ms)
			BackupInstance (0ms)
			ReleaseScriptingObjects (0ms)
			CreateAndSetChildDomain (150ms)
		EndReloadAssembly (862ms)
			LoadAssemblies (189ms)
			RebuildTransferFunctionScriptingTraits (0ms)
			SetupTypeCache (211ms)
			ReleaseScriptCaches (0ms)
			RebuildScriptCaches (44ms)
			SetupLoadedEditorAssemblies (475ms)
				LogAssemblyErrors (0ms)
				InitializePlatformSupportModulesInManaged (35ms)
				SetLoadedEditorAssemblies (0ms)
				RefreshPlugins (34ms)
				BeforeProcessingInitializeOnLoad (96ms)
				ProcessInitializeOnLoadAttributes (267ms)
				ProcessInitializeOnLoadMethodAttributes (20ms)
				AfterProcessingInitializeOnLoad (22ms)
				EditorAssembliesLoaded (0ms)
			ExecutionOrderSort2 (0ms)
			AwakeInstancesAfterBackupRestoration (5ms)
Platform modules already initialized, skipping
========================================================================
Worker process is ready to serve import requests
Launched and connected shader compiler UnityShaderCompiler.exe after 0.03 seconds
Refreshing native plugins compatible for Editor in 0.40 ms, found 2 plugins.
Preloading 0 native plugins for Editor in 0.00 ms.
Unloading 2142 Unused Serialized files (Serialized files now loaded: 0)
Unloading 34 unused Assets / (1.3 MB). Loaded Objects now: 2599.
Memory consumption went from 96.3 MB to 95.0 MB.
Total: 2.938400 ms (FindLiveObjects: 0.171100 ms CreateObjectMapping: 0.111100 ms MarkObjects: 2.397700 ms  DeleteObjects: 0.257700 ms)

AssetImportParameters requested are different than current active one (requested -> active):
  custom:video-decoder-ogg-theora: a1e56fd34408186e4bbccfd4996cb3dc -> 
  custom:container-muxer-webm: aa71ff27fc2769a1b78a27578f13a17b -> 
  custom:container-demuxer-webm: 4f35f7cbe854078d1ac9338744f61a02 -> 
  custom:video-encoder-webm-vp8: eb34c28f22e8b96e1ab97ce403110664 -> 
  custom:audio-encoder-webm-vorbis: bf7c407c2cedff20999df2af8eb42d56 -> 
  custom:framework-win-MediaFoundation: 216162199b28c13a410421893ffa2e32 -> 
  custom:container-demuxer-ogg: 62fdf1f143b41e24485cea50d1cbac27 -> 
  custom:video-decoder-webm-vp8: 9c59270c3fd7afecdb556c50c9e8de78 -> 
  custom:audio-decoder-ogg-vorbis: bf7c407c2cedff20999df2af8eb42d56 -> 
========================================================================
Received Import Request.
  Time since last request: 3741.193405 seconds.
  path: Assets/AzirAnimations/ABlockUpAnimFinished.fbx
  artifactKey: Guid(d59b58451344812418e60842dc0fa8ba) Importer(815301076,1909f56bfc062723c751e8b465ee728b)
Start importing Assets/AzirAnimations/ABlockUpAnimFinished.fbx using Guid(d59b58451344812418e60842dc0fa8ba) Importer(815301076,1909f56bfc062723c751e8b465ee728b)  -> (artifact id: '94015aec5e60cc4c3d4af738879fb8f2') in 0.306964 seconds 
========================================================================
Received Import Request.
  Time since last request: 0.000017 seconds.
  path: Assets/AzirAnimations/IdleFinish.fbx
  artifactKey: Guid(71b275419f5be7b43ad8671dba8c46c9) Importer(815301076,1909f56bfc062723c751e8b465ee728b)
Start importing Assets/AzirAnimations/IdleFinish.fbx using Guid(71b275419f5be7b43ad8671dba8c46c9) Importer(815301076,1909f56bfc062723c751e8b465ee728b)  -> (artifact id: 'c14c5139b6625c3de2cb2c4f07348266') in 0.070067 seconds 
========================================================================
Received Import Request.
  Time since last request: 0.000025 seconds.
  path: Assets/AzirAnimations/AChargeDAnimationFinished.fbx
  artifactKey: Guid(18b08e8b92a39f34d95ea11b287c6d75) Importer(815301076,1909f56bfc062723c751e8b465ee728b)
Start importing Assets/AzirAnimations/AChargeDAnimationFinished.fbx using Guid(18b08e8b92a39f34d95ea11b287c6d75) Importer(815301076,1909f56bfc062723c751e8b465ee728b)  -> (artifact id: '6e87ce0878e7f7ca0179d493f6349c4b') in 0.051124 seconds 
========================================================================
Received Import Request.
  Time since last request: 0.000016 seconds.
  path: Assets/AzirAnimations/AChargeDAnimationFinished 1.fbx
  artifactKey: Guid(a3b9fe6656dc859458751a8c0ff453ac) Importer(815301076,1909f56bfc062723c751e8b465ee728b)
Start importing Assets/AzirAnimations/AChargeDAnimationFinished 1.fbx using Guid(a3b9fe6656dc859458751a8c0ff453ac) Importer(815301076,1909f56bfc062723c751e8b465ee728b)  -> (artifact id: '87e18eb03e9d5b5b7840f3eeb9c52d74') in 0.050179 seconds 
========================================================================
Received Import Request.
  Time since last request: 0.000017 seconds.
  path: Assets/AzirAnimations/AQuiickAtackAnimFinished.fbx
  artifactKey: Guid(f5edaef616bc3af428c458ce228a0e6f) Importer(815301076,1909f56bfc062723c751e8b465ee728b)
Start importing Assets/AzirAnimations/AQuiickAtackAnimFinished.fbx using Guid(f5edaef616bc3af428c458ce228a0e6f) Importer(815301076,1909f56bfc062723c751e8b465ee728b)  -> (artifact id: 'edb68296beac63f4365ba5f120fcd21b') in 0.050499 seconds 
========================================================================
Received Import Request.
  Time since last request: 0.000022 seconds.
  path: Assets/AzirAnimations/ADieAnimFinished.fbx
  artifactKey: Guid(677850c6873783f45a4f2ec04317e4e9) Importer(815301076,1909f56bfc062723c751e8b465ee728b)
Start importing Assets/AzirAnimations/ADieAnimFinished.fbx using Guid(677850c6873783f45a4f2ec04317e4e9) Importer(815301076,1909f56bfc062723c751e8b465ee728b)  -> (artifact id: '8080d3b436f5e5574790c7b2fe6baa76') in 0.048696 seconds 
========================================================================
Received Import Request.
  Time since last request: 0.000022 seconds.
  path: Assets/AzirAnimations/AQuickDAtackFinished.fbx
  artifactKey: Guid(307229b767f1d514e9f7e0e93026f3aa) Importer(815301076,1909f56bfc062723c751e8b465ee728b)
Start importing Assets/AzirAnimations/AQuickDAtackFinished.fbx using Guid(307229b767f1d514e9f7e0e93026f3aa) Importer(815301076,1909f56bfc062723c751e8b465ee728b)  -> (artifact id: '7bc36658c70eb19d1a27a35b78065fc7') in 0.049626 seconds 
========================================================================
Received Import Request.
  Time since last request: 0.000025 seconds.
  path: Assets/AzirAnimations/AWinAnimFinished.fbx
  artifactKey: Guid(396c3fe0bb56de94eaa1fd22f0c7a3f2) Importer(815301076,1909f56bfc062723c751e8b465ee728b)
Start importing Assets/AzirAnimations/AWinAnimFinished.fbx using Guid(396c3fe0bb56de94eaa1fd22f0c7a3f2) Importer(815301076,1909f56bfc062723c751e8b465ee728b)  -> (artifact id: '9f0d4d2a920a1f5ccdc8a11730e53f4f') in 0.054479 seconds 
========================================================================
Received Import Request.
  Time since last request: 34.083437 seconds.
  path: Assets/AzirAnimations/AChargeDAtackAnimFinish.fbx
  artifactKey: Guid(9499ba1b5b9150548b26a3c389edf65d) Importer(815301076,1909f56bfc062723c751e8b465ee728b)
Start importing Assets/AzirAnimations/AChargeDAtackAnimFinish.fbx using Guid(9499ba1b5b9150548b26a3c389edf65d) Importer(815301076,1909f56bfc062723c751e8b465ee728b)  -> (artifact id: 'ddca08ad74eb00c029e1e201873625e9') in 0.048126 seconds 
========================================================================
Received Import Request.
  Time since last request: 19.802976 seconds.
  path: Assets/AzirAnimations/AChargeDAtackAnimFinish.fbx
  artifactKey: Guid(9499ba1b5b9150548b26a3c389edf65d) Importer(815301076,1909f56bfc062723c751e8b465ee728b)
Start importing Assets/AzirAnimations/AChargeDAtackAnimFinish.fbx using Guid(9499ba1b5b9150548b26a3c389edf65d) Importer(815301076,1909f56bfc062723c751e8b465ee728b)  -> (artifact id: '29eee6b14120176f70cb664f837c155b') in 0.049743 seconds 
========================================================================
Received Import Request.
  Time since last request: 14.023885 seconds.
  path: Assets/AzirAnimations/AChargeDAtackAnimFinish.fbx
  artifactKey: Guid(9499ba1b5b9150548b26a3c389edf65d) Importer(815301076,1909f56bfc062723c751e8b465ee728b)
Start importing Assets/AzirAnimations/AChargeDAtackAnimFinish.fbx using Guid(9499ba1b5b9150548b26a3c389edf65d) Importer(815301076,1909f56bfc062723c751e8b465ee728b)  -> (artifact id: '979f37a561d00c0086b3eb3c1fb0b352') in 0.052514 seconds 
========================================================================
Received Import Request.
  Time since last request: 6.359291 seconds.
  path: Assets/AzirAnimations/AChargeAtackFinished.fbx
  artifactKey: Guid(113d84626612d8d40b09a70831fcd0e0) Importer(815301076,1909f56bfc062723c751e8b465ee728b)
Start importing Assets/AzirAnimations/AChargeAtackFinished.fbx using Guid(113d84626612d8d40b09a70831fcd0e0) Importer(815301076,1909f56bfc062723c751e8b465ee728b)  -> (artifact id: '9e75dc7149cb8d1ea3f495b7aeb601a3') in 0.046892 seconds 
========================================================================
Received Import Request.
  Time since last request: 18.578716 seconds.
  path: Assets/AzirAnimations/AChargeAtackFinished.fbx
  artifactKey: Guid(113d84626612d8d40b09a70831fcd0e0) Importer(815301076,1909f56bfc062723c751e8b465ee728b)
Start importing Assets/AzirAnimations/AChargeAtackFinished.fbx using Guid(113d84626612d8d40b09a70831fcd0e0) Importer(815301076,1909f56bfc062723c751e8b465ee728b)  -> (artifact id: '7a5b7f4d4e3323869c29bf296f7d968d') in 0.053261 seconds 
========================================================================
Received Import Request.
  Time since last request: 27.633757 seconds.
  path: Assets/AzirAnimations/AChargeAtackFinished.fbx
  artifactKey: Guid(113d84626612d8d40b09a70831fcd0e0) Importer(815301076,1909f56bfc062723c751e8b465ee728b)
Start importing Assets/AzirAnimations/AChargeAtackFinished.fbx using Guid(113d84626612d8d40b09a70831fcd0e0) Importer(815301076,1909f56bfc062723c751e8b465ee728b)  -> (artifact id: 'eed7cb884c3757845db575f0c1bdf9ac') in 0.053045 seconds 
